<?xml version="1.0" encoding="UTF-8" ?>
<testsuite tests="3" failures="0" name="com.t.snakeGame.model.AppleCreateTest" time="0.035" errors="0" skipped="0">
  <properties>
[...]
</properties>
  <testcase classname="com.t.snakeGame.model.AppleCreateTest" name="testBonusAppleCreator" time="0.035"/>
  <testcase classname="com.t.snakeGame.model.AppleCreateTest" name="testUnknownAppleCreator" time="0"/>
  <testcase classname="com.t.snakeGame.model.AppleCreateTest" name="testRedAppleCreator" time="0"/>
</testsuite>